Script started on Sun 30 Sep 2018 09:09:01 PM EDT
]0;akshaya@ubuntu: ~/Desktop/cs6210Project1_test-master/test/memory[01;32makshaya@ubuntu[00m:[01;34m~/Desktop/cs6210Project1_test-master/test/memory[00m$ ./monitor.py 
 
vmem1: 512.0 274.00390625
vmem2: 512.0 274.79296875
vmem3: 512.0 274.765625
vmem4: 512.0 274.94921875
--------------------------------------------------------------------------------
total  :              4015668 KiB
free   :               957096 KiB
buffers:                 4584 KiB
cached :               234472 KiB


--------------------------------------------------------------------------------
vmem1: 512.0 270.44140625
vmem2: 512.0 271.484375
vmem3: 512.0 246.125
vmem4: 512.0 242.984375
--------------------------------------------------------------------------------
total  :              4015668 KiB
free   :               956772 KiB
buffers:                 4828 KiB
cached :               232804 KiB


--------------------------------------------------------------------------------
vmem1: 512.0 216.84375
vmem2: 512.0 217.9296875
vmem3: 512.0 195.0234375
vmem4: 512.0 195.63671875
--------------------------------------------------------------------------------
total  :              4015668 KiB
free   :               747720 KiB
buffers:                 4836 KiB
cached :               231196 KiB


--------------------------------------------------------------------------------
vmem1: 512.0 145.15625
vmem2: 512.0 167.43359375
vmem3: 512.0 143.80078125
vmem4: 512.0 144.9296875
--------------------------------------------------------------------------------
total  :              4015668 KiB
free   :               538508 KiB
buffers:                 4548 KiB
cached :               230004 KiB


--------------------------------------------------------------------------------
vmem1: 512.0 98.4140625
vmem2: 512.0 120.5703125
vmem3: 560.25 97.05859375
vmem4: 561.6015625 96.0078125
--------------------------------------------------------------------------------
total  :              4015668 KiB
free   :               346416 KiB
buffers:                 4572 KiB
cached :               230520 KiB


--------------------------------------------------------------------------------
vmem1: 558.90234375 77.21484375
vmem2: 564.30078125 99.5
vmem3: 560.25 95.60546875
vmem4: 561.6015625 95.16015625
--------------------------------------------------------------------------------
total  :              4015668 KiB
free   :               146920 KiB
buffers:                 4588 KiB
cached :               231328 KiB


--------------------------------------------------------------------------------
vmem1: 558.90234375 77.3359375
vmem2: 564.30078125 63.05078125
vmem3: 560.25 72.38671875
vmem4: 561.6015625 72.0625
--------------------------------------------------------------------------------
total  :              4015668 KiB
free   :               118128 KiB
buffers:                  576 KiB
cached :               139072 KiB


--------------------------------------------------------------------------------
vmem1: 558.90234375 73.06640625
vmem2: 564.30078125 72.74609375
vmem3: 560.25 74.58984375
vmem4: 561.6015625 74.11328125
--------------------------------------------------------------------------------
total  :              4015668 KiB
free   :               115324 KiB
buffers:                  592 KiB
cached :               140608 KiB


--------------------------------------------------------------------------------
vmem1: 558.90234375 73.52734375
vmem2: 564.30078125 74.30859375
vmem3: 560.25 71.79296875
vmem4: 561.6015625 70.58203125
--------------------------------------------------------------------------------
total  :              4015668 KiB
free   :               102424 KiB
buffers:                 1284 KiB
cached :               130268 KiB


--------------------------------------------------------------------------------
vmem1: 437.90234375 368.08203125
vmem2: 433.30078125 431.46875
vmem3: 172.80078125 59.73828125
vmem4: 172.80078125 59.12109375
--------------------------------------------------------------------------------
total  :              4015668 KiB
free   :              1185240 KiB
buffers:                 1288 KiB
cached :               122616 KiB


--------------------------------------------------------------------------------
vmem1: 172.80078125 58.5234375
vmem2: 156.96484375 52.52734375
vmem3: 172.80078125 59.49609375
vmem4: 172.80078125 58.99609375
--------------------------------------------------------------------------------
total  :              4015668 KiB
free   :              1677568 KiB
buffers:                 1308 KiB
cached :               125708 KiB


--------------------------------------------------------------------------------
vmem1: 172.80078125 58.5859375
vmem2: 139.046875 65.84375
vmem3: 172.80078125 59.03515625
vmem4: 172.80078125 58.390625
--------------------------------------------------------------------------------
total  :              4015668 KiB
free   :              1679576 KiB
buffers:                 1608 KiB
cached :               138312 KiB


--------------------------------------------------------------------------------
vmem1: 172.80078125 58.59375
vmem2: 139.046875 65.84375
vmem3: 172.80078125 58.9140625
vmem4: 172.80078125 58.6328125
--------------------------------------------------------------------------------
total  :              4015668 KiB
free   :              1676460 KiB
buffers:                 1620 KiB
cached :               139160 KiB


--------------------------------------------------------------------------------
vmem1: 172.80078125 58.59375
vmem2: 139.046875 65.84375
vmem3: 172.80078125 59.3359375
vmem4: 172.80078125 58.6328125
--------------------------------------------------------------------------------
total  :              4015668 KiB
free   :              1673784 KiB
buffers:                 1624 KiB
cached :               141024 KiB


--------------------------------------------------------------------------------
vmem1: 172.80078125 58.59375
vmem2: 139.046875 65.84375
vmem3: 172.80078125 59.35546875
vmem4: 172.80078125 58.6328125
--------------------------------------------------------------------------------
total  :              4015668 KiB
free   :              1673916 KiB
buffers:                 1640 KiB
cached :               141028 KiB


--------------------------------------------------------------------------------
vmem1: 172.80078125 58.23046875
vmem2: 139.046875 65.84375
vmem3: 172.80078125 59.234375
vmem4: 172.80078125 58.6328125
--------------------------------------------------------------------------------
total  :              4015668 KiB
free   :              1661916 KiB
buffers:                 1784 KiB
cached :               152316 KiB


--------------------------------------------------------------------------------
vmem1: 172.80078125 58.59375
vmem2: 139.046875 65.84375
vmem3: 172.80078125 59.234375
vmem4: 172.80078125 58.6328125
--------------------------------------------------------------------------------
total  :              4015668 KiB
free   :              1662360 KiB
buffers:                 1800 KiB
cached :               152212 KiB


--------------------------------------------------------------------------------
vmem1: 172.80078125 58.59375
vmem2: 139.046875 65.84375
vmem3: 172.80078125 59.234375
vmem4: 172.80078125 58.6328125
--------------------------------------------------------------------------------
total  :              4015668 KiB
free   :              1661568 KiB
buffers:                 1900 KiB
cached :               152340 KiB


--------------------------------------------------------------------------------
vmem1: 172.80078125 58.625
vmem2: 139.046875 65.84375
vmem3: 172.80078125 59.234375
vmem4: 172.80078125 58.6328125

