Script started on Sun 30 Sep 2018 09:34:21 PM EDT
]0;akshaya@ubuntu: ~/Desktop/cs6210Project1_test-master/test/memory[01;32makshaya@ubuntu[00m:[01;34m~/Desktop/cs6210Project1_test-master/test/memory[00m$ /mo[K[K[K./monitor.py 
 
vmem1: 512.0 274.84375
vmem2: 512.0 274.81640625
vmem3: 512.0 274.9453125
vmem4: 512.0 274.6484375
--------------------------------------------------------------------------------
total  :              4015668 KiB
free   :               839452 KiB
buffers:                 5896 KiB
cached :               308068 KiB


--------------------------------------------------------------------------------
vmem1: 512.0 271.37109375
vmem2: 512.0 274.81640625
vmem3: 512.0 274.9453125
vmem4: 512.0 274.6484375
--------------------------------------------------------------------------------
total  :              4015668 KiB
free   :               876472 KiB
buffers:                 5844 KiB
cached :               306708 KiB


--------------------------------------------------------------------------------
vmem1: 512.0 212.15234375
vmem2: 512.0 274.84765625
vmem3: 512.0 274.9453125
vmem4: 512.0 274.6484375
--------------------------------------------------------------------------------
total  :              4015668 KiB
free   :               816956 KiB
buffers:                 5436 KiB
cached :               306536 KiB


--------------------------------------------------------------------------------
vmem1: 512.0 128.11328125
vmem2: 321.30078125 84.609375
vmem3: 319.94921875 84.70703125
vmem4: 319.94921875 84.3203125
--------------------------------------------------------------------------------
total  :              4015668 KiB
free   :               819632 KiB
buffers:                 5360 KiB
cached :               306388 KiB


--------------------------------------------------------------------------------
vmem1: 557.55078125 115.9140625
vmem2: 318.6015625 83.15625
vmem3: 318.6015625 82.04296875
vmem4: 319.94921875 82.98828125
--------------------------------------------------------------------------------
total  :              4015668 KiB
free   :               758528 KiB
buffers:                 5212 KiB
cached :               306320 KiB


--------------------------------------------------------------------------------
vmem1: 557.55078125 73.76953125
vmem2: 319.94921875 82.79296875
vmem3: 318.6015625 82.04296875
vmem4: 319.94921875 82.98828125
--------------------------------------------------------------------------------
total  :              4015668 KiB
free   :               705908 KiB
buffers:                 5216 KiB
cached :               306320 KiB


--------------------------------------------------------------------------------
vmem1: 557.55078125 73.98828125
vmem2: 319.94921875 82.79296875
vmem3: 318.6015625 82.04296875
vmem4: 319.94921875 82.98828125
--------------------------------------------------------------------------------
total  :              4015668 KiB
free   :               705684 KiB
buffers:                 5228 KiB
cached :               306776 KiB


--------------------------------------------------------------------------------
vmem1: 171.44921875 58.44921875
vmem2: 319.94921875 82.79296875
vmem3: 318.6015625 82.07421875
vmem4: 319.94921875 82.98828125
--------------------------------------------------------------------------------
total  :              4015668 KiB
free   :              1077032 KiB
buffers:                 5252 KiB
cached :               316712 KiB


--------------------------------------------------------------------------------
vmem1: 171.44921875 57.48046875
vmem2: 319.94921875 82.82421875
vmem3: 319.94921875 82.703125
vmem4: 318.6015625 83.01953125
--------------------------------------------------------------------------------
total  :              4015668 KiB
free   :              1077976 KiB
buffers:                 5276 KiB
cached :               316864 KiB


--------------------------------------------------------------------------------
vmem1: 171.44921875 57.6015625
vmem2: 319.94921875 82.82421875
vmem3: 319.94921875 82.734375
vmem4: 319.94921875 82.53515625
--------------------------------------------------------------------------------
total  :              4015668 KiB
free   :              1076184 KiB
buffers:                 5288 KiB
cached :               316940 KiB


--------------------------------------------------------------------------------
vmem1: 171.44921875 57.6015625
vmem2: 318.6015625 83.234375
vmem3: 319.94921875 83.10546875
vmem4: 319.94921875 82.53515625
--------------------------------------------------------------------------------
total  :              4015668 KiB
free   :              1074332 KiB
buffers:                 5296 KiB
cached :               319080 KiB


--------------------------------------------------------------------------------
vmem1: 171.44921875 58.30859375
vmem2: 318.6015625 82.38671875
vmem3: 318.6015625 82.296875
vmem4: 319.94921875 82.9609375
--------------------------------------------------------------------------------
total  :              4015668 KiB
free   :              1074128 KiB
buffers:                 5296 KiB
cached :               319104 KiB


--------------------------------------------------------------------------------
vmem1: 171.44921875 58.30859375
vmem2: 318.6015625 82.38671875
vmem3: 318.6015625 82.296875
vmem4: 319.94921875 82.9609375
--------------------------------------------------------------------------------
total  :              4015668 KiB
free   :              1073352 KiB
buffers:                 5296 KiB
cached :               319304 KiB


--------------------------------------------------------------------------------
vmem1: 171.44921875 58.30859375
vmem2: 318.6015625 82.38671875
vmem3: 318.6015625 82.296875
vmem4: 319.94921875 82.9609375
--------------------------------------------------------------------------------
total  :              4015668 KiB
free   :              1073920 KiB
buffers:                 5304 KiB
cached :               319324 KiB


--------------------------------------------------------------------------------
vmem1: 171.44921875 58.30859375
vmem2: 318.6015625 82.38671875
vmem3: 318.6015625 82.296875
vmem4: 319.94921875 82.9609375
--------------------------------------------------------------------------------
total  :              4015668 KiB
free   :              1073648 KiB
buffers:                 5304 KiB
cached :               319404 KiB


--------------------------------------------------------------------------------
vmem1: 171.44921875 58.30859375
vmem2: 318.6015625 82.38671875
vmem3: 318.6015625 82.328125
vmem4: 319.94921875 82.9609375
--------------------------------------------------------------------------------
total  :              4015668 KiB
free   :              1072952 KiB
buffers:                 5308 KiB
cached :               319524 KiB


--------------------------------------------------------------------------------
vmem1: 171.44921875 58.30859375
vmem2: 318.6015625 82.41796875
vmem3: 318.6015625 82.328125
vmem4: 319.94921875 82.9609375
--------------------------------------------------------------------------------
total  :              4015668 KiB
free   :              1071372 KiB
buffers:                 5316 KiB
cached :               319536 KiB


--------------------------------------------------------------------------------

