Script started on Sun 30 Sep 2018 09:30:03 PM EDT
]0;akshaya@ubuntu: ~/Desktop/cs6210Project1_test-master/test/memory[01;32makshaya@ubuntu[00m:[01;34m~/Desktop/cs6210Project1_test-master/test/memory[00m$ ./monitor.py 
 
vmem1: 512.0 275.0625
vmem2: 512.0 273.1015625
vmem3: 512.0 274.51953125
vmem4: 512.0 275.18359375
--------------------------------------------------------------------------------
total  :              4015668 KiB
free   :              1102352 KiB
buffers:                 4512 KiB
cached :               209776 KiB


--------------------------------------------------------------------------------
vmem1: 512.0 237.46875
vmem2: 512.0 240.21875
vmem3: 512.0 236.2421875
vmem4: 512.0 234.64453125
--------------------------------------------------------------------------------
total  :              4015668 KiB
free   :              1076776 KiB
buffers:                 3976 KiB
cached :               209296 KiB


--------------------------------------------------------------------------------
vmem1: 512.0 191.453125
vmem2: 512.0 194.11328125
vmem3: 512.0 188.18359375
vmem4: 512.0 188.5078125
--------------------------------------------------------------------------------
total  :              4015668 KiB
free   :               883664 KiB
buffers:                 4016 KiB
cached :               208648 KiB


--------------------------------------------------------------------------------
vmem1: 512.0 143.2578125
vmem2: 512.0 148.82421875
vmem3: 512.0 142.66796875
vmem4: 512.0 140.46484375
--------------------------------------------------------------------------------
total  :              4015668 KiB
free   :               688064 KiB
buffers:                 4056 KiB
cached :               208404 KiB


--------------------------------------------------------------------------------
vmem1: 532.0 91.79296875
vmem2: 512.0 100.14453125
vmem3: 528.0 90.58984375
vmem4: 512.0 91.05859375
--------------------------------------------------------------------------------
total  :              4015668 KiB
free   :               487328 KiB
buffers:                 4064 KiB
cached :               211796 KiB


--------------------------------------------------------------------------------
vmem1: 568.3515625 101.72265625
vmem2: 585.90234375 129.8125
vmem3: 569.69921875 100.79296875
vmem4: 599.40234375 132.8359375
--------------------------------------------------------------------------------
total  :              4015668 KiB
free   :               281036 KiB
buffers:                 4080 KiB
cached :               211644 KiB


--------------------------------------------------------------------------------
vmem1: 568.3515625 67.57421875
vmem2: 585.90234375 87.06640625
vmem3: 569.69921875 66.765625
vmem4: 599.40234375 101.109375
--------------------------------------------------------------------------------
total  :              4015668 KiB
free   :               113528 KiB
buffers:                 3912 KiB
cached :               210224 KiB


--------------------------------------------------------------------------------
vmem1: 568.3515625 74.75390625
vmem2: 585.90234375 71.359375
vmem3: 569.69921875 73.13671875
vmem4: 599.40234375 69.26171875
--------------------------------------------------------------------------------
total  :              4015668 KiB
free   :                90116 KiB
buffers:                 2052 KiB
cached :                47348 KiB


--------------------------------------------------------------------------------
vmem1: 568.3515625 445.53125
vmem2: 585.90234375 67.9140625
vmem3: 569.69921875 64.32421875
vmem4: 599.40234375 63.87109375
--------------------------------------------------------------------------------
total  :              4015668 KiB
free   :               119584 KiB
buffers:                 2428 KiB
cached :                71460 KiB


--------------------------------------------------------------------------------
vmem1: 166.05078125 52.2890625
vmem2: 166.1640625 104.51171875
vmem3: 164.5 403.484375
vmem4: 599.40234375 472.1328125
--------------------------------------------------------------------------------
total  :              4015668 KiB
free   :              1216664 KiB
buffers:                 3344 KiB
cached :               117132 KiB


--------------------------------------------------------------------------------
vmem1: 166.05078125 52.2890625
vmem2: 163.3515625 52.37890625
vmem3: 160.65234375 55.265625
vmem4: 171.44921875 58.703125
--------------------------------------------------------------------------------
total  :              4015668 KiB
free   :              1638492 KiB
buffers:                 3372 KiB
cached :               130040 KiB


--------------------------------------------------------------------------------
vmem1: 166.05078125 52.0859375
vmem2: 163.3515625 54.47265625
vmem3: 160.65234375 55.16796875
vmem4: 171.44921875 58.41015625
--------------------------------------------------------------------------------
total  :              4015668 KiB
free   :              1640100 KiB
buffers:                 3376 KiB
cached :               130488 KiB


--------------------------------------------------------------------------------
vmem1: 166.05078125 52.1171875
vmem2: 163.3515625 54.3515625
vmem3: 160.65234375 54.92578125
vmem4: 171.44921875 58.046875
--------------------------------------------------------------------------------
total  :              4015668 KiB
free   :              1639352 KiB
buffers:                 3392 KiB
cached :               130988 KiB


--------------------------------------------------------------------------------
vmem1: 166.05078125 52.1171875
vmem2: 163.3515625 54.3515625
vmem3: 160.65234375 54.92578125
vmem4: 171.44921875 58.16796875
--------------------------------------------------------------------------------
total  :              4015668 KiB
free   :              1636748 KiB
buffers:                 3392 KiB
cached :               131508 KiB


--------------------------------------------------------------------------------
vmem1: 166.05078125 52.23828125
vmem2: 163.3515625 54.3515625
vmem3: 160.65234375 54.92578125
vmem4: 171.44921875 57.8046875
--------------------------------------------------------------------------------
total  :              4015668 KiB
free   :              1635940 KiB
buffers:                 3408 KiB
cached :               132000 KiB


--------------------------------------------------------------------------------
vmem1: 166.05078125 52.23828125
vmem2: 163.3515625 54.3515625
vmem3: 160.65234375 54.92578125
vmem4: 171.44921875 57.8046875
--------------------------------------------------------------------------------
total  :              4015668 KiB
free   :              1626128 KiB
buffers:                 3436 KiB
cached :               141392 KiB


--------------------------------------------------------------------------------
vmem1: 166.05078125 52.23828125
vmem2: 163.3515625 54.3515625
vmem3: 160.65234375 54.92578125
vmem4: 171.44921875 57.8046875
--------------------------------------------------------------------------------
total  :              4015668 KiB
free   :              1625892 KiB
buffers:                 3460 KiB
cached :               141472 KiB


--------------------------------------------------------------------------------
vmem1: 166.05078125 52.23828125
vmem2: 163.3515625 54.3515625
vmem3: 160.65234375 54.92578125
vmem4: 171.44921875 57.8046875
--------------------------------------------------------------------------------
total  :              4015668 KiB
free   :              1625500 KiB
buffers:                 3460 KiB
cached :               141484 KiB


--------------------------------------------------------------------------------
vmem1: 166.05078125 52.23828125
vmem2: 163.3515625 54.3515625
vmem3: 160.65234375 54.92578125
vmem4: 171.44921875 57.68359375
--------------------------------------------------------------------------------
             
